     1 00000000                                 ; hello my os
     2 00000000                                 ; TAB=4
     3  = 0000000A                              CYLS EQU 10
     4 00000000                                 
     5                                          		ORG		0x7c00
     6 00007C00                                 
     7 00007C00 EB 48                           		JMP		entry
     8 00007C02 90                              		DB		0x90
     9 00007C03 48 45 4C 4C 4F 49 50 4C         		DB		"HELLOIPL"
    10 00007C0B 0200                            		DW		512
    11 00007C0D 01                              		DB		1
    12 00007C0E 0001                            		DW		1
    13 00007C10 02                              		DB		2
    14 00007C11 00E0                            		DW		224
    15 00007C13 0B40                            		DW		2880
    16 00007C15 F0                              		DB		0xf0
    17 00007C16 0009                            		DW		9
    18 00007C18 0012                            		DW		18
    19 00007C1A 0002                            		DW		2
    20 00007C1C 00000000                        		DD		0
    21 00007C20 00000B40                        		DD		2880
    22 00007C24 00 00 29                        		DB		0,0,0x29
    23 00007C27 FFFFFFFF                        		DD		0xffffffff
    24 00007C2B 48 45 4C 4C 4F 2D 4F 53         		DB		"HELLO-OS"
    25 00007C33 46 41 54 31 32                  		DB		"FAT12"
    26 00007C38 00 00 00 00 00 00 00 00 00 00   		RESB	18
       00007C42 00 00 00 00 00 00 00 00 
    27 00007C4A                                 
    28 00007C4A                                 
    29 00007C4A                                 
    30 00007C4A                                 
    31 00007C4A                                 entry:
    32 00007C4A B8 0000                         		MOV		AX,0
    33 00007C4D 8E D0                           		MOV		SS,AX
    34 00007C4F BC 7C00                         		MOV		SP,0x7c00
    35 00007C52 8E D8                           		MOV		DS,AX
    36 00007C54 8E C0                           		MOV		ES,AX
    37 00007C56                                 
    38 00007C56 B8 0820                         		MOV		AX,0x0820
    39 00007C59 8E C0                           		MOV		ES,AX
    40 00007C5B B5 00                           		MOV		CH,0
    41 00007C5D B1 02                           		MOV		CL,2
    42 00007C5F B6 00                           		MOV		DH,0
    43 00007C61 B2 00                           		MOV		DL,0
    44 00007C63                                 		
    45 00007C63                                 reloop:
    46 00007C63 BE 0000                         		MOV		SI,0
    47 00007C66                                 
    48 00007C66                                 retry:
    49 00007C66 B4 02                           		MOV		AH,0x02 	
    50 00007C68 B0 01                           		MOV		AL,1 	
    51 00007C6A BB 0000                         		MOV		BX,0
    52 00007C6D CD 13                           		INT		0x13
    53 00007C6F 73 0F                           		JNC		next
    54 00007C71 83 C6 01                        		ADD		SI,1
    55 00007C74 83 FE 05                        		CMP		SI,5
    56 00007C77 73 2F                           		JAE		error
    57 00007C79 B8 0000                         		MOV		AX,0x00
    58 00007C7C B2 00                           		MOV		DL,0x00
    59 00007C7E CD 13                           		INT		0x13
    60 00007C80                                 
    61 00007C80                                 next:
    62 00007C80 8C C0                           		MOV		AX,ES
    63 00007C82 05 0020                         		ADD		AX,0x0020
    64 00007C85 8E C0                           		MOV		ES,AX
    65 00007C87 80 C1 01                        		ADD		CL,1
    66 00007C8A 80 F9 12                        		CMP		CL,18
    67 00007C8D 76 D4                           		JBE		reloop
    68 00007C8F B1 01                           		MOV		CL,1
    69 00007C91 80 C6 01                        		ADD		DH,1
    70 00007C94 80 FE 02                        		CMP		DH,2
    71 00007C97 72 CA                           		JB 		reloop
    72 00007C99 B6 00                           		MOV		DH,0
    73 00007C9B 80 C5 01                        		ADD		CH,1
    74 00007C9E 80 FD 0A                        		CMP		CH,CYLS
    75 00007CA1 72 C0                           		JB 		reloop
    76 00007CA3                                 
    77 00007CA3                                 		;MOV		[0x0ff0],CH
    78 00007CA3                                 		;JMP		0xc200
    79 00007CA3                                 
    80 00007CA3                                 
    81 00007CA3                                 
    82 00007CA3                                 success:
    83 00007CA3 BE 7CBF                         		MOV		SI,msg_success
    84 00007CA6 EB 03                           		JMP		putloop
    85 00007CA8                                 
    86 00007CA8                                 error:
    87 00007CA8 BE 7CD0                         		MOV		SI,msg_error
    88 00007CAB                                 
    89 00007CAB                                 putloop:
    90 00007CAB 8A 04                                   MOV		AL,[SI]
    91 00007CAD 83 C6 01                                ADD		SI,1
    92 00007CB0 3C 00                                   CMP	AL,0
    93 00007CB2 0F 84 014A                              JE		fin
    94 00007CB6 B4 0E                                   MOV		AH,0x0e
    95 00007CB8 BB 000F                                 MOV		BX,15
    96 00007CBB CD 10                                   INT		0x10
    97 00007CBD EB EC                                   JMP		putloop
    98 00007CBF                                 
    99 00007CBF                                 
   100 00007CBF                                 
   101 00007CBF                                 msg_success:
   102 00007CBF 0A 0A                           		DB		0x0a, 0x0a
   103 00007CC1 4C 6F 61 64 20 53 75 63 63 65   		DB		"Load Success"
       00007CCB 73 73 
   104 00007CCD 0A 0A                           		DB		0x0a,0x0a
   105 00007CCF 00                              		DB		0
   106 00007CD0                                 
   107 00007CD0                                 msg_error:
   108 00007CD0 0A 0A                                   DB		0x0a, 0x0a
   109 00007CD2 4C 6F 61 64 20 45 72 72 6F 72           DB		"Load Error"
   110 00007CDC 0A 0A                                   DB		0x0a, 0x0a
   111 00007CDE 00                                      DB		0
   112 00007CDF                                 
   113 00007CDF 00 00 00 00 00 00 00 00 00 00           RESB	0x7dfe-$
       00007CE9 00 00 00 00 00 00 00 00 00 00 
       00007CF3 00 00 00 00 00 00 00 00 00 00 
       00007CFD 00 00 00 00 00 00 00 00 00 00 
       00007D07 00 00 00 00 00 00 00 00 00 00 
       00007D11 00 00 00 00 00 00 00 00 00 00 
       00007D1B 00 00 00 00 00 00 00 00 00 00 
       00007D25 00 00 00 00 00 00 00 00 00 00 
       00007D2F 00 00 00 00 00 00 00 00 00 00 
       00007D39 00 00 00 00 00 00 00 00 00 00 
       00007D43 00 00 00 00 00 00 00 00 00 00 
       00007D4D 00 00 00 00 00 00 00 00 00 00 
       00007D57 00 00 00 00 00 00 00 00 00 00 
       00007D61 00 00 00 00 00 00 00 00 00 00 
       00007D6B 00 00 00 00 00 00 00 00 00 00 
       00007D75 00 00 00 00 00 00 00 00 00 00 
       00007D7F 00 00 00 00 00 00 00 00 00 00 
       00007D89 00 00 00 00 00 00 00 00 00 00 
       00007D93 00 00 00 00 00 00 00 00 00 00 
       00007D9D 00 00 00 00 00 00 00 00 00 00 
       00007DA7 00 00 00 00 00 00 00 00 00 00 
       00007DB1 00 00 00 00 00 00 00 00 00 00 
       00007DBB 00 00 00 00 00 00 00 00 00 00 
       00007DC5 00 00 00 00 00 00 00 00 00 00 
       00007DCF 00 00 00 00 00 00 00 00 00 00 
       00007DD9 00 00 00 00 00 00 00 00 00 00 
       00007DE3 00 00 00 00 00 00 00 00 00 00 
       00007DED 00 00 00 00 00 00 00 00 00 00 
       00007DF7 00 00 00 00 00 00 00 
   114 00007DFE 55 AA                                   DB		0x55, 0xaa
   115 00007E00                                 
   116 00007E00                                         
   117 00007E00                                 fin:
   118 00007E00 F4                              		HLT
   119 00007E01 E9 FE9F                         		JMP		success
   120 00007E04 EB FA                           		JMP		fin