     1 00000000                                 [FORMAT "WCOFF"]
     2 00000000                                 [INSTRSET "i486p"]
     3 00000000                                 [OPTIMIZE 1]
     4 00000000                                 [OPTION 1]
     5 00000000                                 [BITS 32]
     6 00000000                                 	EXTERN	_sprintf
     7 00000000                                 	EXTERN	_io_hlt
     8 00000000                                 	EXTERN	_io_load_eflags
     9 00000000                                 	EXTERN	_io_cli
    10 00000000                                 	EXTERN	_io_out8
    11 00000000                                 	EXTERN	_io_store_eflags
    12 00000000                                 	EXTERN	_hankaku
    13 00000000                                 [FILE "bootpack.c"]
    14                                          [SECTION .data]
    15 00000000                                 LC1:
    16 00000000 73 63 72 6E 78 20 3D 20 22 25   	DB	"scrnx = ",0x22,"%d",0x22,0x00
       0000000A 64 22 00 
    17 0000000D                                 LC2:
    18 0000000D 73 63 72 6E 79 20 3D 20 22 25   	DB	"scrny = ",0x22,"%d",0x22,0x00
       00000017 64 22 00 
    19                                          [SECTION .text]
    20 00000000                                 	GLOBAL	_HariMain
    21 00000000                                 _HariMain:
    22 00000000 55                              	PUSH	EBP
    23 00000001 89 E5                           	MOV	EBP,ESP
    24 00000003 53                              	PUSH	EBX
    25 00000004 81 EC 00000100                  	SUB	ESP,256
    26 0000000A E8 000000B7                     	CALL	_init_palette
    27 0000000F 0F BF 05 00000FF6               	MOVSX	EAX,WORD [4086]
    28 00000016 50                              	PUSH	EAX
    29 00000017 0F BF 05 00000FF4               	MOVSX	EAX,WORD [4084]
    30 0000001E 50                              	PUSH	EAX
    31 0000001F FF 35 00000FF8                  	PUSH	DWORD [4088]
    32 00000025 E8 00000172                     	CALL	_init_desktop
    33 0000002A 0F BF 05 00000FF4               	MOVSX	EAX,WORD [4084]
    34 00000031 50                              	PUSH	EAX
    35 00000032 68 [00000000]                   	PUSH	LC1
    36 00000037 53                              	PUSH	EBX
    37 00000038 E8 [00000000]                   	CALL	_sprintf
    38 0000003D 53                              	PUSH	EBX
    39 0000003E 6A 07                           	PUSH	7
    40 00000040 6A 08                           	PUSH	8
    41 00000042 6A 08                           	PUSH	8
    42 00000044 0F BF 05 00000FF4               	MOVSX	EAX,WORD [4084]
    43 0000004B 50                              	PUSH	EAX
    44 0000004C FF 35 00000FF8                  	PUSH	DWORD [4088]
    45 00000052 E8 0000032E                     	CALL	_putFonts8_asc
    46 00000057 83 C4 30                        	ADD	ESP,48
    47 0000005A 0F BF 05 00000FF6               	MOVSX	EAX,WORD [4086]
    48 00000061 50                              	PUSH	EAX
    49 00000062 68 [0000000D]                   	PUSH	LC2
    50 00000067 53                              	PUSH	EBX
    51 00000068 E8 [00000000]                   	CALL	_sprintf
    52 0000006D 53                              	PUSH	EBX
    53 0000006E 6A 07                           	PUSH	7
    54 00000070 8D 9D FFFFFEFC                  	LEA	EBX,DWORD [-260+EBP]
    55 00000076 6A 1A                           	PUSH	26
    56 00000078 6A 08                           	PUSH	8
    57 0000007A 0F BF 05 00000FF4               	MOVSX	EAX,WORD [4084]
    58 00000081 50                              	PUSH	EAX
    59 00000082 FF 35 00000FF8                  	PUSH	DWORD [4088]
    60 00000088 E8 000002F8                     	CALL	_putFonts8_asc
    61 0000008D 83 C4 24                        	ADD	ESP,36
    62 00000090 6A 0E                           	PUSH	14
    63 00000092 53                              	PUSH	EBX
    64 00000093 E8 0000033C                     	CALL	_init_mouse_cursor8
    65 00000098 6A 10                           	PUSH	16
    66 0000009A 53                              	PUSH	EBX
    67 0000009B 68 000000B4                     	PUSH	180
    68 000000A0 68 000000B4                     	PUSH	180
    69 000000A5 6A 10                           	PUSH	16
    70 000000A7 6A 10                           	PUSH	16
    71 000000A9 0F BF 05 00000FF4               	MOVSX	EAX,WORD [4084]
    72 000000B0 50                              	PUSH	EAX
    73 000000B1 FF 35 00000FF8                  	PUSH	DWORD [4088]
    74 000000B7 E8 00000397                     	CALL	_putblock8_8
    75 000000BC 83 C4 28                        	ADD	ESP,40
    76 000000BF                                 L2:
    77 000000BF E8 [00000000]                   	CALL	_io_hlt
    78 000000C4 EB F9                           	JMP	L2
    79                                          [SECTION .data]
    80 0000001A                                 _table_rgb.0:
    81 0000001A 00                              	DB	0
    82 0000001B 00                              	DB	0
    83 0000001C 00                              	DB	0
    84 0000001D FF                              	DB	-1
    85 0000001E 00                              	DB	0
    86 0000001F 00                              	DB	0
    87 00000020 00                              	DB	0
    88 00000021 FF                              	DB	-1
    89 00000022 00                              	DB	0
    90 00000023 FF                              	DB	-1
    91 00000024 FF                              	DB	-1
    92 00000025 00                              	DB	0
    93 00000026 00                              	DB	0
    94 00000027 00                              	DB	0
    95 00000028 FF                              	DB	-1
    96 00000029 FF                              	DB	-1
    97 0000002A 00                              	DB	0
    98 0000002B FF                              	DB	-1
    99 0000002C 00                              	DB	0
   100 0000002D FF                              	DB	-1
   101 0000002E FF                              	DB	-1
   102 0000002F FF                              	DB	-1
   103 00000030 FF                              	DB	-1
   104 00000031 FF                              	DB	-1
   105 00000032 C6                              	DB	-58
   106 00000033 C6                              	DB	-58
   107 00000034 C6                              	DB	-58
   108 00000035 84                              	DB	-124
   109 00000036 00                              	DB	0
   110 00000037 00                              	DB	0
   111 00000038 00                              	DB	0
   112 00000039 84                              	DB	-124
   113 0000003A 00                              	DB	0
   114 0000003B 84                              	DB	-124
   115 0000003C 84                              	DB	-124
   116 0000003D 00                              	DB	0
   117 0000003E 00                              	DB	0
   118 0000003F 00                              	DB	0
   119 00000040 84                              	DB	-124
   120 00000041 84                              	DB	-124
   121 00000042 00                              	DB	0
   122 00000043 84                              	DB	-124
   123 00000044 00                              	DB	0
   124 00000045 84                              	DB	-124
   125 00000046 84                              	DB	-124
   126 00000047 84                              	DB	-124
   127 00000048 84                              	DB	-124
   128 00000049 84                              	DB	-124
   129                                          [SECTION .text]
   130 000000C6                                 	GLOBAL	_init_palette
   131 000000C6                                 _init_palette:
   132 000000C6 55                              	PUSH	EBP
   133 000000C7 89 E5                           	MOV	EBP,ESP
   134 000000C9 68 [0000001A]                   	PUSH	_table_rgb.0
   135 000000CE 6A 0F                           	PUSH	15
   136 000000D0 6A 00                           	PUSH	0
   137 000000D2 E8 00000002                     	CALL	_set_palette
   138 000000D7 C9                              	LEAVE
   139 000000D8 C3                              	RET
   140 000000D9                                 	GLOBAL	_set_palette
   141 000000D9                                 _set_palette:
   142 000000D9 55                              	PUSH	EBP
   143 000000DA 89 E5                           	MOV	EBP,ESP
   144 000000DC 57                              	PUSH	EDI
   145 000000DD 56                              	PUSH	ESI
   146 000000DE 53                              	PUSH	EBX
   147 000000DF 51                              	PUSH	ECX
   148 000000E0 8B 5D 08                        	MOV	EBX,DWORD [8+EBP]
   149 000000E3 8B 7D 0C                        	MOV	EDI,DWORD [12+EBP]
   150 000000E6 8B 75 10                        	MOV	ESI,DWORD [16+EBP]
   151 000000E9 E8 [00000000]                   	CALL	_io_load_eflags
   152 000000EE 89 45 F0                        	MOV	DWORD [-16+EBP],EAX
   153 000000F1 E8 [00000000]                   	CALL	_io_cli
   154 000000F6 53                              	PUSH	EBX
   155 000000F7 68 000003C8                     	PUSH	968
   156 000000FC E8 [00000000]                   	CALL	_io_out8
   157 00000101 39 FB                           	CMP	EBX,EDI
   158 00000103 58                              	POP	EAX
   159 00000104 5A                              	POP	EDX
   160 00000105 7E 12                           	JLE	L11
   161 00000107                                 L13:
   162 00000107 8B 45 F0                        	MOV	EAX,DWORD [-16+EBP]
   163 0000010A 89 45 08                        	MOV	DWORD [8+EBP],EAX
   164 0000010D 8D 65 F4                        	LEA	ESP,DWORD [-12+EBP]
   165 00000110 5B                              	POP	EBX
   166 00000111 5E                              	POP	ESI
   167 00000112 5F                              	POP	EDI
   168 00000113 5D                              	POP	EBP
   169 00000114 E9 [00000000]                   	JMP	_io_store_eflags
   170 00000119                                 L11:
   171 00000119 8A 06                           	MOV	AL,BYTE [ESI]
   172 0000011B 43                              	INC	EBX
   173 0000011C C0 E8 02                        	SHR	AL,2
   174 0000011F 0F B6 C0                        	MOVZX	EAX,AL
   175 00000122 50                              	PUSH	EAX
   176 00000123 68 000003C9                     	PUSH	969
   177 00000128 E8 [00000000]                   	CALL	_io_out8
   178 0000012D 8A 46 01                        	MOV	AL,BYTE [1+ESI]
   179 00000130 C0 E8 02                        	SHR	AL,2
   180 00000133 0F B6 C0                        	MOVZX	EAX,AL
   181 00000136 50                              	PUSH	EAX
   182 00000137 68 000003C9                     	PUSH	969
   183 0000013C E8 [00000000]                   	CALL	_io_out8
   184 00000141 8A 46 02                        	MOV	AL,BYTE [2+ESI]
   185 00000144 C0 E8 02                        	SHR	AL,2
   186 00000147 83 C6 03                        	ADD	ESI,3
   187 0000014A 0F B6 C0                        	MOVZX	EAX,AL
   188 0000014D 50                              	PUSH	EAX
   189 0000014E 68 000003C9                     	PUSH	969
   190 00000153 E8 [00000000]                   	CALL	_io_out8
   191 00000158 83 C4 18                        	ADD	ESP,24
   192 0000015B 39 FB                           	CMP	EBX,EDI
   193 0000015D 7E BA                           	JLE	L11
   194 0000015F EB A6                           	JMP	L13
   195 00000161                                 	GLOBAL	_fill_rectangle8
   196 00000161                                 _fill_rectangle8:
   197 00000161 55                              	PUSH	EBP
   198 00000162 89 E5                           	MOV	EBP,ESP
   199 00000164 57                              	PUSH	EDI
   200 00000165 56                              	PUSH	ESI
   201 00000166 8B 4D 18                        	MOV	ECX,DWORD [24+EBP]
   202 00000169 8B 75 20                        	MOV	ESI,DWORD [32+EBP]
   203 0000016C 53                              	PUSH	EBX
   204 0000016D 8B 7D 1C                        	MOV	EDI,DWORD [28+EBP]
   205 00000170 8A 5D 10                        	MOV	BL,BYTE [16+EBP]
   206 00000173 39 F1                           	CMP	ECX,ESI
   207 00000175 7F 20                           	JG	L26
   208 00000177 8B 45 0C                        	MOV	EAX,DWORD [12+EBP]
   209 0000017A 0F AF C1                        	IMUL	EAX,ECX
   210 0000017D 03 45 08                        	ADD	EAX,DWORD [8+EBP]
   211 00000180                                 L24:
   212 00000180 8B 55 14                        	MOV	EDX,DWORD [20+EBP]
   213 00000183 39 FA                           	CMP	EDX,EDI
   214 00000185 7F 08                           	JG	L28
   215 00000187                                 L23:
   216 00000187 88 1C 02                        	MOV	BYTE [EDX+EAX*1],BL
   217 0000018A 42                              	INC	EDX
   218 0000018B 39 FA                           	CMP	EDX,EDI
   219 0000018D 7E F8                           	JLE	L23
   220 0000018F                                 L28:
   221 0000018F 41                              	INC	ECX
   222 00000190 03 45 0C                        	ADD	EAX,DWORD [12+EBP]
   223 00000193 39 F1                           	CMP	ECX,ESI
   224 00000195 7E E9                           	JLE	L24
   225 00000197                                 L26:
   226 00000197 5B                              	POP	EBX
   227 00000198 5E                              	POP	ESI
   228 00000199 5F                              	POP	EDI
   229 0000019A 5D                              	POP	EBP
   230 0000019B C3                              	RET
   231 0000019C                                 	GLOBAL	_init_desktop
   232 0000019C                                 _init_desktop:
   233 0000019C 55                              	PUSH	EBP
   234 0000019D 89 E5                           	MOV	EBP,ESP
   235 0000019F 57                              	PUSH	EDI
   236 000001A0 56                              	PUSH	ESI
   237 000001A1 53                              	PUSH	EBX
   238 000001A2 83 EC 18                        	SUB	ESP,24
   239 000001A5 0F BF 5D 0C                     	MOVSX	EBX,WORD [12+EBP]
   240 000001A9 0F BF 45 10                     	MOVSX	EAX,WORD [16+EBP]
   241 000001AD 89 45 F0                        	MOV	DWORD [-16+EBP],EAX
   242 000001B0 8D 7B FF                        	LEA	EDI,DWORD [-1+EBX]
   243 000001B3 48                              	DEC	EAX
   244 000001B4 8D 73 FC                        	LEA	ESI,DWORD [-4+EBX]
   245 000001B7 50                              	PUSH	EAX
   246 000001B8 89 45 EC                        	MOV	DWORD [-20+EBP],EAX
   247 000001BB 57                              	PUSH	EDI
   248 000001BC 6A 00                           	PUSH	0
   249 000001BE 6A 00                           	PUSH	0
   250 000001C0 6A 0E                           	PUSH	14
   251 000001C2 53                              	PUSH	EBX
   252 000001C3 FF 75 08                        	PUSH	DWORD [8+EBP]
   253 000001C6 E8 FFFFFF96                     	CALL	_fill_rectangle8
   254 000001CB 8B 45 F0                        	MOV	EAX,DWORD [-16+EBP]
   255 000001CE 83 E8 19                        	SUB	EAX,25
   256 000001D1 50                              	PUSH	EAX
   257 000001D2 57                              	PUSH	EDI
   258 000001D3 50                              	PUSH	EAX
   259 000001D4 6A 00                           	PUSH	0
   260 000001D6 6A 07                           	PUSH	7
   261 000001D8 53                              	PUSH	EBX
   262 000001D9 FF 75 08                        	PUSH	DWORD [8+EBP]
   263 000001DC E8 FFFFFF80                     	CALL	_fill_rectangle8
   264 000001E1 8B 45 F0                        	MOV	EAX,DWORD [-16+EBP]
   265 000001E4 83 C4 38                        	ADD	ESP,56
   266 000001E7 83 E8 18                        	SUB	EAX,24
   267 000001EA FF 75 EC                        	PUSH	DWORD [-20+EBP]
   268 000001ED 57                              	PUSH	EDI
   269 000001EE 8D 7B D1                        	LEA	EDI,DWORD [-47+EBX]
   270 000001F1 50                              	PUSH	EAX
   271 000001F2 6A 00                           	PUSH	0
   272 000001F4 6A 08                           	PUSH	8
   273 000001F6 53                              	PUSH	EBX
   274 000001F7 FF 75 08                        	PUSH	DWORD [8+EBP]
   275 000001FA E8 FFFFFF62                     	CALL	_fill_rectangle8
   276 000001FF 8B 45 F0                        	MOV	EAX,DWORD [-16+EBP]
   277 00000202 83 E8 15                        	SUB	EAX,21
   278 00000205 50                              	PUSH	EAX
   279 00000206 89 45 E8                        	MOV	DWORD [-24+EBP],EAX
   280 00000209 6A 3B                           	PUSH	59
   281 0000020B 50                              	PUSH	EAX
   282 0000020C 6A 03                           	PUSH	3
   283 0000020E 6A 07                           	PUSH	7
   284 00000210 53                              	PUSH	EBX
   285 00000211 FF 75 08                        	PUSH	DWORD [8+EBP]
   286 00000214 E8 FFFFFF48                     	CALL	_fill_rectangle8
   287 00000219 8B 45 F0                        	MOV	EAX,DWORD [-16+EBP]
   288 0000021C 83 C4 38                        	ADD	ESP,56
   289 0000021F 83 E8 04                        	SUB	EAX,4
   290 00000222 89 45 E4                        	MOV	DWORD [-28+EBP],EAX
   291 00000225 50                              	PUSH	EAX
   292 00000226 6A 02                           	PUSH	2
   293 00000228 FF 75 E8                        	PUSH	DWORD [-24+EBP]
   294 0000022B 6A 02                           	PUSH	2
   295 0000022D 6A 07                           	PUSH	7
   296 0000022F 53                              	PUSH	EBX
   297 00000230 FF 75 08                        	PUSH	DWORD [8+EBP]
   298 00000233 E8 FFFFFF29                     	CALL	_fill_rectangle8
   299 00000238 FF 75 E4                        	PUSH	DWORD [-28+EBP]
   300 0000023B 6A 3B                           	PUSH	59
   301 0000023D FF 75 E4                        	PUSH	DWORD [-28+EBP]
   302 00000240 6A 03                           	PUSH	3
   303 00000242 6A 0F                           	PUSH	15
   304 00000244 53                              	PUSH	EBX
   305 00000245 FF 75 08                        	PUSH	DWORD [8+EBP]
   306 00000248 E8 FFFFFF14                     	CALL	_fill_rectangle8
   307 0000024D 8B 45 F0                        	MOV	EAX,DWORD [-16+EBP]
   308 00000250 83 C4 38                        	ADD	ESP,56
   309 00000253 83 E8 05                        	SUB	EAX,5
   310 00000256 50                              	PUSH	EAX
   311 00000257 8B 45 F0                        	MOV	EAX,DWORD [-16+EBP]
   312 0000025A 6A 3B                           	PUSH	59
   313 0000025C 83 E8 14                        	SUB	EAX,20
   314 0000025F 50                              	PUSH	EAX
   315 00000260 89 45 E0                        	MOV	DWORD [-32+EBP],EAX
   316 00000263 6A 3B                           	PUSH	59
   317 00000265 6A 0F                           	PUSH	15
   318 00000267 53                              	PUSH	EBX
   319 00000268 FF 75 08                        	PUSH	DWORD [8+EBP]
   320 0000026B E8 FFFFFEF1                     	CALL	_fill_rectangle8
   321 00000270 8B 45 F0                        	MOV	EAX,DWORD [-16+EBP]
   322 00000273 83 E8 03                        	SUB	EAX,3
   323 00000276 50                              	PUSH	EAX
   324 00000277 89 45 DC                        	MOV	DWORD [-36+EBP],EAX
   325 0000027A 6A 3B                           	PUSH	59
   326 0000027C 50                              	PUSH	EAX
   327 0000027D 6A 02                           	PUSH	2
   328 0000027F 6A 00                           	PUSH	0
   329 00000281 53                              	PUSH	EBX
   330 00000282 FF 75 08                        	PUSH	DWORD [8+EBP]
   331 00000285 E8 FFFFFED7                     	CALL	_fill_rectangle8
   332 0000028A 83 C4 38                        	ADD	ESP,56
   333 0000028D FF 75 DC                        	PUSH	DWORD [-36+EBP]
   334 00000290 6A 3C                           	PUSH	60
   335 00000292 FF 75 E8                        	PUSH	DWORD [-24+EBP]
   336 00000295 6A 3C                           	PUSH	60
   337 00000297 6A 00                           	PUSH	0
   338 00000299 53                              	PUSH	EBX
   339 0000029A FF 75 08                        	PUSH	DWORD [8+EBP]
   340 0000029D E8 FFFFFEBF                     	CALL	_fill_rectangle8
   341 000002A2 FF 75 E8                        	PUSH	DWORD [-24+EBP]
   342 000002A5 56                              	PUSH	ESI
   343 000002A6 FF 75 E8                        	PUSH	DWORD [-24+EBP]
   344 000002A9 57                              	PUSH	EDI
   345 000002AA 6A 0F                           	PUSH	15
   346 000002AC 53                              	PUSH	EBX
   347 000002AD FF 75 08                        	PUSH	DWORD [8+EBP]
   348 000002B0 E8 FFFFFEAC                     	CALL	_fill_rectangle8
   349 000002B5 83 C4 38                        	ADD	ESP,56
   350 000002B8 FF 75 E4                        	PUSH	DWORD [-28+EBP]
   351 000002BB 57                              	PUSH	EDI
   352 000002BC FF 75 E0                        	PUSH	DWORD [-32+EBP]
   353 000002BF 57                              	PUSH	EDI
   354 000002C0 6A 0F                           	PUSH	15
   355 000002C2 53                              	PUSH	EBX
   356 000002C3 FF 75 08                        	PUSH	DWORD [8+EBP]
   357 000002C6 E8 FFFFFE96                     	CALL	_fill_rectangle8
   358 000002CB FF 75 DC                        	PUSH	DWORD [-36+EBP]
   359 000002CE 56                              	PUSH	ESI
   360 000002CF FF 75 DC                        	PUSH	DWORD [-36+EBP]
   361 000002D2 57                              	PUSH	EDI
   362 000002D3 6A 07                           	PUSH	7
   363 000002D5 53                              	PUSH	EBX
   364 000002D6 FF 75 08                        	PUSH	DWORD [8+EBP]
   365 000002D9 E8 FFFFFE83                     	CALL	_fill_rectangle8
   366 000002DE 8D 43 FD                        	LEA	EAX,DWORD [-3+EBX]
   367 000002E1 83 C4 38                        	ADD	ESP,56
   368 000002E4 FF 75 DC                        	PUSH	DWORD [-36+EBP]
   369 000002E7 50                              	PUSH	EAX
   370 000002E8 FF 75 E8                        	PUSH	DWORD [-24+EBP]
   371 000002EB 50                              	PUSH	EAX
   372 000002EC 6A 07                           	PUSH	7
   373 000002EE 53                              	PUSH	EBX
   374 000002EF FF 75 08                        	PUSH	DWORD [8+EBP]
   375 000002F2 E8 FFFFFE6A                     	CALL	_fill_rectangle8
   376 000002F7 8D 65 F4                        	LEA	ESP,DWORD [-12+EBP]
   377 000002FA 5B                              	POP	EBX
   378 000002FB 5E                              	POP	ESI
   379 000002FC 5F                              	POP	EDI
   380 000002FD 5D                              	POP	EBP
   381 000002FE C3                              	RET
   382 000002FF                                 	GLOBAL	_putFont8
   383 000002FF                                 _putFont8:
   384 000002FF 55                              	PUSH	EBP
   385 00000300 89 E5                           	MOV	EBP,ESP
   386 00000302 57                              	PUSH	EDI
   387 00000303 56                              	PUSH	ESI
   388 00000304 31 F6                           	XOR	ESI,ESI
   389 00000306 53                              	PUSH	EBX
   390 00000307 8B 7D 1C                        	MOV	EDI,DWORD [28+EBP]
   391 0000030A 8A 5D 18                        	MOV	BL,BYTE [24+EBP]
   392 0000030D                                 L43:
   393 0000030D 8B 45 14                        	MOV	EAX,DWORD [20+EBP]
   394 00000310 8B 55 10                        	MOV	EDX,DWORD [16+EBP]
   395 00000313 01 F0                           	ADD	EAX,ESI
   396 00000315 0F AF 45 0C                     	IMUL	EAX,DWORD [12+EBP]
   397 00000319 03 45 08                        	ADD	EAX,DWORD [8+EBP]
   398 0000031C 8D 0C 02                        	LEA	ECX,DWORD [EDX+EAX*1]
   399 0000031F 8A 14 3E                        	MOV	DL,BYTE [ESI+EDI*1]
   400 00000322 84 D2                           	TEST	DL,DL
   401 00000324 79 02                           	JNS	L35
   402 00000326 88 19                           	MOV	BYTE [ECX],BL
   403 00000328                                 L35:
   404 00000328 88 D0                           	MOV	AL,DL
   405 0000032A 83 E0 40                        	AND	EAX,64
   406 0000032D 84 C0                           	TEST	AL,AL
   407 0000032F 74 03                           	JE	L36
   408 00000331 88 59 01                        	MOV	BYTE [1+ECX],BL
   409 00000334                                 L36:
   410 00000334 88 D0                           	MOV	AL,DL
   411 00000336 83 E0 20                        	AND	EAX,32
   412 00000339 84 C0                           	TEST	AL,AL
   413 0000033B 74 03                           	JE	L37
   414 0000033D 88 59 02                        	MOV	BYTE [2+ECX],BL
   415 00000340                                 L37:
   416 00000340 88 D0                           	MOV	AL,DL
   417 00000342 83 E0 10                        	AND	EAX,16
   418 00000345 84 C0                           	TEST	AL,AL
   419 00000347 74 03                           	JE	L38
   420 00000349 88 59 03                        	MOV	BYTE [3+ECX],BL
   421 0000034C                                 L38:
   422 0000034C 88 D0                           	MOV	AL,DL
   423 0000034E 83 E0 08                        	AND	EAX,8
   424 00000351 84 C0                           	TEST	AL,AL
   425 00000353 74 03                           	JE	L39
   426 00000355 88 59 04                        	MOV	BYTE [4+ECX],BL
   427 00000358                                 L39:
   428 00000358 88 D0                           	MOV	AL,DL
   429 0000035A 83 E0 04                        	AND	EAX,4
   430 0000035D 84 C0                           	TEST	AL,AL
   431 0000035F 74 03                           	JE	L40
   432 00000361 88 59 05                        	MOV	BYTE [5+ECX],BL
   433 00000364                                 L40:
   434 00000364 88 D0                           	MOV	AL,DL
   435 00000366 83 E0 02                        	AND	EAX,2
   436 00000369 84 C0                           	TEST	AL,AL
   437 0000036B 74 03                           	JE	L41
   438 0000036D 88 59 06                        	MOV	BYTE [6+ECX],BL
   439 00000370                                 L41:
   440 00000370 83 E2 01                        	AND	EDX,1
   441 00000373 84 D2                           	TEST	DL,DL
   442 00000375 74 03                           	JE	L33
   443 00000377 88 59 07                        	MOV	BYTE [7+ECX],BL
   444 0000037A                                 L33:
   445 0000037A 46                              	INC	ESI
   446 0000037B 83 FE 0F                        	CMP	ESI,15
   447 0000037E 7E 8D                           	JLE	L43
   448 00000380 5B                              	POP	EBX
   449 00000381 5E                              	POP	ESI
   450 00000382 5F                              	POP	EDI
   451 00000383 5D                              	POP	EBP
   452 00000384 C3                              	RET
   453 00000385                                 	GLOBAL	_putFonts8_asc
   454 00000385                                 _putFonts8_asc:
   455 00000385 55                              	PUSH	EBP
   456 00000386 89 E5                           	MOV	EBP,ESP
   457 00000388 57                              	PUSH	EDI
   458 00000389 56                              	PUSH	ESI
   459 0000038A 53                              	PUSH	EBX
   460 0000038B 53                              	PUSH	EBX
   461 0000038C 8B 5D 1C                        	MOV	EBX,DWORD [28+EBP]
   462 0000038F 8A 45 18                        	MOV	AL,BYTE [24+EBP]
   463 00000392 88 45 F3                        	MOV	BYTE [-13+EBP],AL
   464 00000395 8B 75 10                        	MOV	ESI,DWORD [16+EBP]
   465 00000398 8B 7D 14                        	MOV	EDI,DWORD [20+EBP]
   466 0000039B 80 3B 00                        	CMP	BYTE [EBX],0
   467 0000039E 75 08                           	JNE	L51
   468 000003A0                                 L53:
   469 000003A0 8D 65 F4                        	LEA	ESP,DWORD [-12+EBP]
   470 000003A3 5B                              	POP	EBX
   471 000003A4 5E                              	POP	ESI
   472 000003A5 5F                              	POP	EDI
   473 000003A6 5D                              	POP	EBP
   474 000003A7 C3                              	RET
   475 000003A8                                 L51:
   476 000003A8 0F B6 03                        	MOVZX	EAX,BYTE [EBX]
   477 000003AB C1 E0 04                        	SAL	EAX,4
   478 000003AE 43                              	INC	EBX
   479 000003AF 05 [00000000]                   	ADD	EAX,_hankaku
   480 000003B4 50                              	PUSH	EAX
   481 000003B5 0F BE 45 F3                     	MOVSX	EAX,BYTE [-13+EBP]
   482 000003B9 50                              	PUSH	EAX
   483 000003BA 57                              	PUSH	EDI
   484 000003BB 56                              	PUSH	ESI
   485 000003BC 83 C6 08                        	ADD	ESI,8
   486 000003BF FF 75 0C                        	PUSH	DWORD [12+EBP]
   487 000003C2 FF 75 08                        	PUSH	DWORD [8+EBP]
   488 000003C5 E8 FFFFFF35                     	CALL	_putFont8
   489 000003CA 83 C4 18                        	ADD	ESP,24
   490 000003CD 80 3B 00                        	CMP	BYTE [EBX],0
   491 000003D0 75 D6                           	JNE	L51
   492 000003D2 EB CC                           	JMP	L53
   493                                          [SECTION .data]
   494 0000004A                                 _cursor.1:
   495 0000004A 2A 2A 2A 2A 2A 2A 2A 2A 2A 2A   	DB	"**************.."
       00000054 2A 2A 2A 2A 2E 2E 
   496 0000005A 2A 30 30 30 30 30 30 30 30 30   	DB	"*00000000000*..."
       00000064 30 30 2A 2E 2E 2E 
   497 0000006A 2A 30 30 30 30 30 30 30 30 30   	DB	"*0000000000*...."
       00000074 30 2A 2E 2E 2E 2E 
   498 0000007A 2A 30 30 30 30 30 30 30 30 30   	DB	"*000000000*....."
       00000084 2A 2E 2E 2E 2E 2E 
   499 0000008A 2A 30 30 30 30 30 30 30 30 2A   	DB	"*00000000*......"
       00000094 2E 2E 2E 2E 2E 2E 
   500 0000009A 2A 30 30 30 30 30 30 30 2A 2E   	DB	"*0000000*......."
       000000A4 2E 2E 2E 2E 2E 2E 
   501 000000AA 2A 30 30 30 30 30 30 30 2A 2E   	DB	"*0000000*......."
       000000B4 2E 2E 2E 2E 2E 2E 
   502 000000BA 2A 30 30 30 30 30 30 30 30 2A   	DB	"*00000000*......"
       000000C4 2E 2E 2E 2E 2E 2E 
   503 000000CA 2A 30 30 30 30 2A 2A 30 30 30   	DB	"*0000**000*....."
       000000D4 2A 2E 2E 2E 2E 2E 
   504 000000DA 2A 30 30 30 2A 2E 2E 2A 30 30   	DB	"*000*..*000*...."
       000000E4 30 2A 2E 2E 2E 2E 
   505 000000EA 2A 30 30 2A 2E 2E 2E 2E 2A 30   	DB	"*00*....*000*..."
       000000F4 30 30 2A 2E 2E 2E 
   506 000000FA 2A 30 2A 2E 2E 2E 2E 2E 2E 2A   	DB	"*0*......*000*.."
       00000104 30 30 30 2A 2E 2E 
   507 0000010A 2A 2A 2E 2E 2E 2E 2E 2E 2E 2E   	DB	"**........*000*."
       00000114 2A 30 30 30 2A 2E 
   508 0000011A 2A 2E 2E 2E 2E 2E 2E 2E 2E 2E   	DB	"*..........*000*"
       00000124 2E 2A 30 30 30 2A 
   509 0000012A 2E 2E 2E 2E 2E 2E 2E 2E 2E 2E   	DB	"............*00*"
       00000134 2E 2E 2A 30 30 2A 
   510 0000013A 2E 2E 2E 2E 2E 2E 2E 2E 2E 2E   	DB	".............***"
       00000144 2E 2E 2E 2A 2A 2A 
   511                                          [SECTION .text]
   512 000003D4                                 	GLOBAL	_init_mouse_cursor8
   513 000003D4                                 _init_mouse_cursor8:
   514 000003D4 55                              	PUSH	EBP
   515 000003D5 89 E5                           	MOV	EBP,ESP
   516 000003D7 57                              	PUSH	EDI
   517 000003D8 56                              	PUSH	ESI
   518 000003D9 31 FF                           	XOR	EDI,EDI
   519 000003DB 53                              	PUSH	EBX
   520 000003DC 83 EC 0C                        	SUB	ESP,12
   521 000003DF 8A 45 0C                        	MOV	AL,BYTE [12+EBP]
   522 000003E2 8B 75 08                        	MOV	ESI,DWORD [8+EBP]
   523 000003E5 88 45 F3                        	MOV	BYTE [-13+EBP],AL
   524 000003E8 C7 45 EC 00000000               	MOV	DWORD [-20+EBP],0
   525 000003EF C7 45 E8 00000000               	MOV	DWORD [-24+EBP],0
   526 000003F6                                 L71:
   527 000003F6 8B 4D E8                        	MOV	ECX,DWORD [-24+EBP]
   528 000003F9 31 DB                           	XOR	EBX,EBX
   529 000003FB 01 F1                           	ADD	ECX,ESI
   530 000003FD                                 L70:
   531 000003FD 8D 14 3B                        	LEA	EDX,DWORD [EBX+EDI*1]
   532 00000400 0F BE 82 [0000004A]             	MOVSX	EAX,BYTE [_cursor.1+EDX]
   533 00000407 83 F8 2E                        	CMP	EAX,46
   534 0000040A 74 3F                           	JE	L66
   535 0000040C 83 F8 2E                        	CMP	EAX,46
   536 0000040F 7F 2F                           	JG	L69
   537 00000411 83 F8 2A                        	CMP	EAX,42
   538 00000414 74 24                           	JE	L64
   539 00000416                                 L67:
   540 00000416 8A 45 F3                        	MOV	AL,BYTE [-13+EBP]
   541 00000419 88 01                           	MOV	BYTE [ECX],AL
   542 0000041B                                 L61:
   543 0000041B 43                              	INC	EBX
   544 0000041C 41                              	INC	ECX
   545 0000041D 83 FB 0F                        	CMP	EBX,15
   546 00000420 7E DB                           	JLE	L70
   547 00000422 FF 45 EC                        	INC	DWORD [-20+EBP]
   548 00000425 83 C7 10                        	ADD	EDI,16
   549 00000428 83 45 E8 10                     	ADD	DWORD [-24+EBP],16
   550 0000042C 83 7D EC 0F                     	CMP	DWORD [-20+EBP],15
   551 00000430 7E C4                           	JLE	L71
   552 00000432 83 C4 0C                        	ADD	ESP,12
   553 00000435 5B                              	POP	EBX
   554 00000436 5E                              	POP	ESI
   555 00000437 5F                              	POP	EDI
   556 00000438 5D                              	POP	EBP
   557 00000439 C3                              	RET
   558 0000043A                                 L64:
   559 0000043A C6 04 32 00                     	MOV	BYTE [EDX+ESI*1],0
   560 0000043E EB DB                           	JMP	L61
   561 00000440                                 L69:
   562 00000440 83 F8 30                        	CMP	EAX,48
   563 00000443 75 D1                           	JNE	L67
   564 00000445 C6 04 32 07                     	MOV	BYTE [EDX+ESI*1],7
   565 00000449 EB D0                           	JMP	L61
   566 0000044B                                 L66:
   567 0000044B 8A 45 F3                        	MOV	AL,BYTE [-13+EBP]
   568 0000044E 88 04 32                        	MOV	BYTE [EDX+ESI*1],AL
   569 00000451 EB C8                           	JMP	L61
   570 00000453                                 	GLOBAL	_putblock8_8
   571 00000453                                 _putblock8_8:
   572 00000453 55                              	PUSH	EBP
   573 00000454 89 E5                           	MOV	EBP,ESP
   574 00000456 57                              	PUSH	EDI
   575 00000457 56                              	PUSH	ESI
   576 00000458 31 F6                           	XOR	ESI,ESI
   577 0000045A 53                              	PUSH	EBX
   578 0000045B 83 EC 0C                        	SUB	ESP,12
   579 0000045E 3B 75 14                        	CMP	ESI,DWORD [20+EBP]
   580 00000461 7D 3E                           	JGE	L88
   581 00000463 31 FF                           	XOR	EDI,EDI
   582 00000465                                 L86:
   583 00000465 31 DB                           	XOR	EBX,EBX
   584 00000467 3B 5D 10                        	CMP	EBX,DWORD [16+EBP]
   585 0000046A 7D 2C                           	JGE	L90
   586 0000046C 8B 45 20                        	MOV	EAX,DWORD [32+EBP]
   587 0000046F 01 F8                           	ADD	EAX,EDI
   588 00000471 89 45 EC                        	MOV	DWORD [-20+EBP],EAX
   589 00000474                                 L85:
   590 00000474 8B 45 1C                        	MOV	EAX,DWORD [28+EBP]
   591 00000477 8B 55 18                        	MOV	EDX,DWORD [24+EBP]
   592 0000047A 01 F0                           	ADD	EAX,ESI
   593 0000047C 01 DA                           	ADD	EDX,EBX
   594 0000047E 0F AF 45 0C                     	IMUL	EAX,DWORD [12+EBP]
   595 00000482 01 D0                           	ADD	EAX,EDX
   596 00000484 8B 4D 08                        	MOV	ECX,DWORD [8+EBP]
   597 00000487 8B 55 EC                        	MOV	EDX,DWORD [-20+EBP]
   598 0000048A 43                              	INC	EBX
   599 0000048B 8A 12                           	MOV	DL,BYTE [EDX]
   600 0000048D 88 14 08                        	MOV	BYTE [EAX+ECX*1],DL
   601 00000490 FF 45 EC                        	INC	DWORD [-20+EBP]
   602 00000493 3B 5D 10                        	CMP	EBX,DWORD [16+EBP]
   603 00000496 7C DC                           	JL	L85
   604 00000498                                 L90:
   605 00000498 46                              	INC	ESI
   606 00000499 03 7D 24                        	ADD	EDI,DWORD [36+EBP]
   607 0000049C 3B 75 14                        	CMP	ESI,DWORD [20+EBP]
   608 0000049F 7C C4                           	JL	L86
   609 000004A1                                 L88:
   610 000004A1 83 C4 0C                        	ADD	ESP,12
   611 000004A4 5B                              	POP	EBX
   612 000004A5 5E                              	POP	ESI
   613 000004A6 5F                              	POP	EDI
   614 000004A7 5D                              	POP	EBP
   615 000004A8 C3                              	RET
