     1 00000000                                 ; naskfunc
     2 00000000                                 ; TAB=4
     3 00000000                                 
     4 00000000                                 [FORMAT "WCOFF"]
     5 00000000                                 [INSTRSET "i486p"]
     6 00000000                                 [BITS 32]
     7 00000000                                 
     8 00000000                                 [FILE "naskfunc.nas"]
     9 00000000                                 	GLOBAL _io_hlt, _io_cli, _io_sti, _io_stihlt
    10 00000000                                 	GLOBAL _io_in8, _io_in16, _io_in32
    11 00000000                                 	GLOBAL _io_out8, _io_out16, _io_out32
    12 00000000                                 	GLOBAL _io_load_eflags, _io_store_eflags
    13 00000000                                 
    14 00000000                                 
    15                                          [SECTION .text]
    16 00000000                                 
    17 00000000                                 _io_hlt:
    18 00000000 F4                              	HLT
    19 00000001 C3                              	RET
    20 00000002                                 
    21 00000002                                 _write_mem8:	; void write_mem8(int addr, int data)
    22 00000002 8B 4C 24 04                     	MOV		ECX,[ESP+4]
    23 00000006 8A 44 24 08                     	MOV		AL,[ESP+8]
    24 0000000A 88 01                           	MOV		[ECX],AL
    25 0000000C C3                              	RET
    26 0000000D                                 
    27 0000000D                                 _io_cli:
    28 0000000D FA                              	CLI
    29 0000000E C3                              	RET
    30 0000000F                                 
    31 0000000F                                 _io_sti:
    32 0000000F FB                              	STI
    33 00000010 C3                              	RET
    34 00000011                                 
    35 00000011                                 _io_stihlt:
    36 00000011 FB                              	STI
    37 00000012 F4                              	HLT
    38 00000013 C3                              	RET
    39 00000014                                 
    40 00000014                                 _io_in8:	; int io_in8(int port)
    41 00000014 8B 54 24 04                     	MOV		EDX, [ESP+4]
    42 00000018 B8 00000000                     	MOV		EAX, 0
    43 0000001D EC                              	IN 		AL,DX
    44 0000001E C3                              	RET
    45 0000001F                                 
    46 0000001F                                 _io_in16:	; int io_in16(int port)
    47 0000001F 8B 54 24 04                     	MOV		EDX, [ESP+4]
    48 00000023 B8 00000000                     	MOV		EAX, 0
    49 00000028 66 ED                           	IN 		AX, DX
    50 0000002A C3                              	RET
    51 0000002B                                 
    52 0000002B                                 _io_in32:	; int io_in32(int port)
    53 0000002B 8B 54 24 04                     	MOV		EDX, [ESP+4]
    54 0000002F ED                              	IN 		EAX, DX
    55 00000030 C3                              	RET
    56 00000031                                 
    57 00000031                                 _io_out8:	; void io_out8(int port, int data)
    58 00000031 8B 54 24 04                     	MOV		EDX, [ESP+4]
    59 00000035 8A 44 24 08                     	MOV		AL, [ESP+8]
    60 00000039 EE                              	OUT 	DX, AL
    61 0000003A C3                              	RET
    62 0000003B                                 
    63 0000003B                                 _io_out16:	; void io_out16(int port, int data)
    64 0000003B 8B 54 24 04                     	MOV		EDX, [ESP+4]
    65 0000003F 66 8B 44 24 08                  	MOV		AX, [ESP+8]
    66 00000044 66 EF                           	OUT 	DX, AX
    67 00000046 C3                              	RET
    68 00000047                                 
    69 00000047                                 _io_out32:	; void io_out32(int port, int data)
    70 00000047 8B 54 24 04                     	MOV		EDX, [ESP+4]
    71 0000004B 8B 44 24 08                     	MOV		EAX, [ESP+8]
    72 0000004F EF                              	OUT 	DX, EAX
    73 00000050 C3                              	RET
    74 00000051                                 
    75 00000051                                 _io_load_eflags:	;int io_load_eflags(void)
    76 00000051 9C                              	PUSHFD
    77 00000052 58                              	POP 	EAX
    78 00000053 C3                              	RET
    79 00000054                                 
    80 00000054                                 _io_store_eflags:	;void io_store_eflags(int eflags)
    81 00000054 8B 44 24 04                     	MOV 	EAX, [ESP+4]
    82 00000058 50                              	PUSH EAX
    83 00000059 9D                              	POPFD
    84 0000005A C3                              	RET
