     1 00000000                                 ; hello my os
     2 00000000                                 ; TAB=4
     3 00000000                                 
     4                                          		ORG		0x7c00
     5 00007C00                                 
     6 00007C00 EB 48                           		JMP		entry
     7 00007C02 90                              		DB		0x90
     8 00007C03 48 45 4C 4C 4F 49 50 4C         		DB		"HELLOIPL"
     9 00007C0B 0200                            		DW		512
    10 00007C0D 01                              		DB		1
    11 00007C0E 0001                            		DW		1
    12 00007C10 02                              		DB		2
    13 00007C11 00E0                            		DW		224
    14 00007C13 0B40                            		DW		2880
    15 00007C15 F0                              		DB		0xf0
    16 00007C16 0009                            		DW		9
    17 00007C18 0012                            		DW		18
    18 00007C1A 0002                            		DW		2
    19 00007C1C 00000000                        		DD		0
    20 00007C20 00000B40                        		DD		2880
    21 00007C24 00 00 29                        		DB		0,0,0x29
    22 00007C27 FFFFFFFF                        		DD		0xffffffff
    23 00007C2B 48 45 4C 4C 4F 2D 4F 53         		DB		"HELLO-OS"
    24 00007C33 46 41 54 31 32                  		DB		"FAT12"
    25 00007C38 00 00 00 00 00 00 00 00 00 00   		RESB	18
       00007C42 00 00 00 00 00 00 00 00 
    26 00007C4A                                 
    27 00007C4A                                 
    28 00007C4A                                 entry:
    29 00007C4A B8 0000                         		MOV		AX,0
    30 00007C4D 8E D0                           		MOV		SS,AX
    31 00007C4F BC 7C00                         		MOV		SP,0x7c00
    32 00007C52 8E D8                           		MOV		DS,AX
    33 00007C54 8E C0                           		MOV		ES,AX
    34 00007C56                                 
    35 00007C56 BE 7C6E                         		MOV		SI,msg
    36 00007C59                                 
    37 00007C59                                 putloop:
    38 00007C59 8A 04                                   MOV		AL,[SI]
    39 00007C5B 83 C6 01                                ADD		SI,1
    40 00007C5E 3C 00                                   CMP	AL,0
    41 00007C60 74 09                                   JE		fin
    42 00007C62 B4 0E                                   MOV		AH,0x0e
    43 00007C64 BB 000F                                 MOV		BX,15
    44 00007C67 CD 10                                   INT		0x10
    45 00007C69 EB EE                                   JMP		putloop
    46 00007C6B                                 
    47 00007C6B                                 fin:
    48 00007C6B F4                              		HLT
    49 00007C6C EB FD                           		JMP		fin
    50 00007C6E                                 
    51 00007C6E                                 msg:
    52 00007C6E 0A 0A                                   DB		0x0a, 0x0a
    53 00007C70 48 65 6C 6C 6F 20 54 68 69 73           DB		"Hello This is my OS! Thank you!"
       00007C7A 20 69 73 20 6D 79 20 4F 53 21 
       00007C84 20 54 68 61 6E 6B 20 79 6F 75 
       00007C8E 21 
    54 00007C8F 0A 0A                                   DB		0x0a, 0x0a
    55 00007C91 00                                      DB		0
    56 00007C92                                 
    57 00007C92 00 00 00 00 00 00 00 00 00 00           RESB	0x7dfe-$
       00007C9C 00 00 00 00 00 00 00 00 00 00 
       00007CA6 00 00 00 00 00 00 00 00 00 00 
       00007CB0 00 00 00 00 00 00 00 00 00 00 
       00007CBA 00 00 00 00 00 00 00 00 00 00 
       00007CC4 00 00 00 00 00 00 00 00 00 00 
       00007CCE 00 00 00 00 00 00 00 00 00 00 
       00007CD8 00 00 00 00 00 00 00 00 00 00 
       00007CE2 00 00 00 00 00 00 00 00 00 00 
       00007CEC 00 00 00 00 00 00 00 00 00 00 
       00007CF6 00 00 00 00 00 00 00 00 00 00 
       00007D00 00 00 00 00 00 00 00 00 00 00 
       00007D0A 00 00 00 00 00 00 00 00 00 00 
       00007D14 00 00 00 00 00 00 00 00 00 00 
       00007D1E 00 00 00 00 00 00 00 00 00 00 
       00007D28 00 00 00 00 00 00 00 00 00 00 
       00007D32 00 00 00 00 00 00 00 00 00 00 
       00007D3C 00 00 00 00 00 00 00 00 00 00 
       00007D46 00 00 00 00 00 00 00 00 00 00 
       00007D50 00 00 00 00 00 00 00 00 00 00 
       00007D5A 00 00 00 00 00 00 00 00 00 00 
       00007D64 00 00 00 00 00 00 00 00 00 00 
       00007D6E 00 00 00 00 00 00 00 00 00 00 
       00007D78 00 00 00 00 00 00 00 00 00 00 
       00007D82 00 00 00 00 00 00 00 00 00 00 
       00007D8C 00 00 00 00 00 00 00 00 00 00 
       00007D96 00 00 00 00 00 00 00 00 00 00 
       00007DA0 00 00 00 00 00 00 00 00 00 00 
       00007DAA 00 00 00 00 00 00 00 00 00 00 
       00007DB4 00 00 00 00 00 00 00 00 00 00 
       00007DBE 00 00 00 00 00 00 00 00 00 00 
       00007DC8 00 00 00 00 00 00 00 00 00 00 
       00007DD2 00 00 00 00 00 00 00 00 00 00 
       00007DDC 00 00 00 00 00 00 00 00 00 00 
       00007DE6 00 00 00 00 00 00 00 00 00 00 
       00007DF0 00 00 00 00 00 00 00 00 00 00 
       00007DFA 00 00 00 00 
    58 00007DFE 55 AA                                   DB		0x55, 0xaa